<?xml version="1.0" encoding="UTF-8"?>
<!-- Generated by org.testng.reporters.JUnitReportReporter -->
<testsuite hostname="DESKTOP-ODA02I9" name="testcases.VerifyURLStatus" tests="1" failures="0" timestamp="17 Jan 2020 02:39:30 GMT" time="697.557" errors="0">
  <testcase name="verifyURLStatus" time="697.557" classname="testcases.VerifyURLStatus"/>
</testsuite> <!-- testcases.VerifyURLStatus -->
